app/build/intermediates/manifest_merge_blame_file/debug/manifest-merger-blame-debug-report.txt
1<?xml version="1.0" encoding="utf-8"?>
2<manifest xmlns:android="http://schemas.android.com/apk/res/android"
3    package="com.easyfitness.debug"
4    android:versionCode="61"
5    android:versionName="0.20.4" >
6
7    <uses-sdk
8        android:minSdkVersion="21"
8-->src\main\AndroidManifest.xml
9        android:targetSdkVersion="30" />
9-->src\main\AndroidManifest.xml
10
11    <uses-permission android:name="android.permission.VIBRATE" />
11-->src\main\AndroidManifest.xml:5:5-66
11-->src\main\AndroidManifest.xml:5:22-63
12    <uses-permission android:name="android.permission.READ_EXTERNAL_STORAGE" />
12-->src\main\AndroidManifest.xml:6:5-80
12-->src\main\AndroidManifest.xml:6:22-77
13    <uses-permission
13-->src\main\AndroidManifest.xml:7:5-8:38
14        android:name="android.permission.WRITE_EXTERNAL_STORAGE"
14-->src\main\AndroidManifest.xml:7:22-78
15        android:maxSdkVersion="28" />
15-->src\main\AndroidManifest.xml:8:9-35
16    <uses-permission android:name="android.permission.ACTION_HEADSET_PLUG" />
16-->src\main\AndroidManifest.xml:9:5-78
16-->src\main\AndroidManifest.xml:9:22-75
17
18    <uses-feature
18-->src\main\AndroidManifest.xml:11:5-13:36
19        android:name="android.hardware.camera.any"
19-->src\main\AndroidManifest.xml:12:9-51
20        android:required="false" />
20-->src\main\AndroidManifest.xml:13:9-33
21    <uses-feature
21-->src\main\AndroidManifest.xml:14:5-16:36
22        android:name="android.hardware.camera.autofocus"
22-->src\main\AndroidManifest.xml:15:9-57
23        android:required="false" />
23-->src\main\AndroidManifest.xml:16:9-33
24
25    <application
25-->src\main\AndroidManifest.xml:18:5-62:19
26        android:allowBackup="true"
26-->src\main\AndroidManifest.xml:19:9-35
27        android:appComponentFactory="androidx.core.app.CoreComponentFactory"
27-->[androidx.core:core:1.3.2] AndroidManifest.xml:24:18-86
28        android:debuggable="true"
29        android:icon="@mipmap/ic_launcher"
29-->src\main\AndroidManifest.xml:20:9-43
30        android:label="@string/app_name"
30-->src\main\AndroidManifest.xml:21:9-41
31        android:preserveLegacyExternalStorage="true"
31-->src\main\AndroidManifest.xml:24:9-53
32        android:requestLegacyExternalStorage="true"
32-->src\main\AndroidManifest.xml:22:9-52
33        android:testOnly="true"
34        android:theme="@style/AppTheme" > <!-- for when requestLegacyExternalStorage will be removed -->
34-->src\main\AndroidManifest.xml:23:9-40
35
36        <activity
36-->src\main\AndroidManifest.xml:26:9-36:20
37            android:name="com.easyfitness.MainActivity"
37-->src\main\AndroidManifest.xml:27:13-41
38            android:configChanges="orientation|screenSize"
38-->src\main\AndroidManifest.xml:28:13-59
39            android:label="@string/app_name"
39-->src\main\AndroidManifest.xml:29:13-45
40            android:windowSoftInputMode="stateUnchanged" >
40-->src\main\AndroidManifest.xml:30:13-57
41            <intent-filter>
41-->src\main\AndroidManifest.xml:31:13-35:29
42                <action android:name="android.intent.action.MAIN" />
42-->src\main\AndroidManifest.xml:32:17-69
42-->src\main\AndroidManifest.xml:32:25-66
43
44                <category android:name="android.intent.category.LAUNCHER" />
44-->src\main\AndroidManifest.xml:33:17-77
44-->src\main\AndroidManifest.xml:33:27-74
45
46                <action android:name="android.intent.action.VIEW" />
46-->src\main\AndroidManifest.xml:34:17-69
46-->src\main\AndroidManifest.xml:34:25-66
47            </intent-filter>
48        </activity>
49        <activity
49-->src\main\AndroidManifest.xml:37:9-39:50
50            android:name="com.easyfitness.intro.MainIntroActivity"
50-->src\main\AndroidManifest.xml:38:13-52
51            android:theme="@style/Theme.Intro" />
51-->src\main\AndroidManifest.xml:39:13-47
52        <activity
52-->src\main\AndroidManifest.xml:40:9-42:59
53            android:name="com.theartofdev.edmodo.cropper.CropImageActivity"
53-->src\main\AndroidManifest.xml:41:13-76
54            android:theme="@style/Base.Theme.AppCompat" />
54-->src\main\AndroidManifest.xml:42:13-56
55
56        <meta-data
56-->src\main\AndroidManifest.xml:44:9-46:60
57            android:name="firebase_crash_collection_enabled"
57-->src\main\AndroidManifest.xml:45:13-61
58            android:value="@bool/FIREBASE_CRASH_ENABLED" />
58-->src\main\AndroidManifest.xml:46:13-57
59
60        <provider
61            android:name="androidx.core.content.FileProvider"
61-->src\main\AndroidManifest.xml:49:13-62
62            android:authorities="com.easyfitness.debug.fileprovider"
62-->src\main\AndroidManifest.xml:50:13-64
63            android:exported="false"
63-->src\main\AndroidManifest.xml:51:13-37
64            android:grantUriPermissions="true" >
64-->src\main\AndroidManifest.xml:52:13-47
65            <meta-data
65-->src\main\AndroidManifest.xml:53:13-55:58
66                android:name="android.support.FILE_PROVIDER_PATHS"
66-->src\main\AndroidManifest.xml:54:17-67
67                android:resource="@xml/provider_paths" />
67-->src\main\AndroidManifest.xml:55:17-55
68        </provider>
69
70        <receiver
70-->src\main\AndroidManifest.xml:58:9-60:41
71            android:name="com.easyfitness.utils.AlarmReceiver"
71-->src\main\AndroidManifest.xml:59:13-48
72            android:process=":remote" />
72-->src\main\AndroidManifest.xml:60:13-38
73    </application>
74
75</manifest>